0 info it worked if it ends with ok
1 verbose cli [ '/usr/local/bin/node',
1 verbose cli   '/usr/local/bin/npm',
1 verbose cli   'install',
1 verbose cli   'express-generator',
1 verbose cli   '-g' ]
2 info using npm@3.3.12
3 info using node@v5.5.0
4 silly loadCurrentTree Starting
5 silly install loadCurrentTree
6 silly install readGlobalPackageData
7 silly fetchPackageMetaData express-generator
8 silly fetchNamedPackageData express-generator
9 silly mapToRegistry name express-generator
10 silly mapToRegistry using default registry
11 silly mapToRegistry registry https://registry.npmjs.org/
12 silly mapToRegistry uri https://registry.npmjs.org/express-generator
13 verbose request uri https://registry.npmjs.org/express-generator
14 verbose request no auth needed
15 info attempt registry request try #1 at 3:27:08 PM
16 verbose request id 61251ce44848ec70
17 http request GET https://registry.npmjs.org/express-generator
18 http 200 https://registry.npmjs.org/express-generator
19 verbose headers { server: 'CouchDB/1.5.0 (Erlang OTP/R16B03)',
19 verbose headers   etag: '"234XQ7MSYMP9CYEAEKEZYP51J"',
19 verbose headers   'content-type': 'application/json',
19 verbose headers   'cache-control': 'max-age=300',
19 verbose headers   'content-length': '31708',
19 verbose headers   'accept-ranges': 'bytes',
19 verbose headers   date: 'Fri, 19 Feb 2016 09:27:09 GMT',
19 verbose headers   via: '1.1 varnish',
19 verbose headers   age: '296',
19 verbose headers   connection: 'keep-alive',
19 verbose headers   'x-served-by': 'cache-fra1242-FRA',
19 verbose headers   'x-cache': 'HIT',
19 verbose headers   'x-cache-hits': '1',
19 verbose headers   'x-timer': 'S1455874029.326262,VS0,VE0',
19 verbose headers   vary: 'Accept' }
20 silly get cb [ 200,
20 silly get   { server: 'CouchDB/1.5.0 (Erlang OTP/R16B03)',
20 silly get     etag: '"234XQ7MSYMP9CYEAEKEZYP51J"',
20 silly get     'content-type': 'application/json',
20 silly get     'cache-control': 'max-age=300',
20 silly get     'content-length': '31708',
20 silly get     'accept-ranges': 'bytes',
20 silly get     date: 'Fri, 19 Feb 2016 09:27:09 GMT',
20 silly get     via: '1.1 varnish',
20 silly get     age: '296',
20 silly get     connection: 'keep-alive',
20 silly get     'x-served-by': 'cache-fra1242-FRA',
20 silly get     'x-cache': 'HIT',
20 silly get     'x-cache-hits': '1',
20 silly get     'x-timer': 'S1455874029.326262,VS0,VE0',
20 silly get     vary: 'Accept' } ]
21 verbose get saving express-generator to /Users/netxor/.npm/registry.npmjs.org/express-generator/.cache.json
22 silly install normalizeTree
23 silly loadCurrentTree Finishing
24 silly loadIdealTree Starting
25 silly install loadIdealTree
26 silly cloneCurrentTree Starting
27 silly install cloneCurrentTreeToIdealTree
28 silly cloneCurrentTree Finishing
29 silly loadShrinkwrap Starting
30 silly install loadShrinkwrap
31 silly loadShrinkwrap Finishing
32 silly loadAllDepsIntoIdealTree Starting
33 silly install loadAllDepsIntoIdealTree
34 silly resolveWithNewModule express-generator@4.13.1 checking installable status
35 silly cache add args [ 'express-generator', null ]
36 verbose cache add spec express-generator
37 silly cache add parsed spec Result {
37 silly cache add   raw: 'express-generator',
37 silly cache add   scope: null,
37 silly cache add   name: 'express-generator',
37 silly cache add   rawSpec: '',
37 silly cache add   spec: '*',
37 silly cache add   type: 'range' }
38 silly addNamed express-generator@*
39 verbose addNamed "*" is a valid semver range for express-generator
40 silly addNameRange { name: 'express-generator', range: '*', hasData: false }
41 silly mapToRegistry name express-generator
42 silly mapToRegistry using default registry
43 silly mapToRegistry registry https://registry.npmjs.org/
44 silly mapToRegistry uri https://registry.npmjs.org/express-generator
45 verbose addNameRange registry:https://registry.npmjs.org/express-generator not in flight; fetching
46 verbose get https://registry.npmjs.org/express-generator not expired, no request
47 silly addNameRange number 2 { name: 'express-generator', range: '*', hasData: true }
48 silly addNameRange versions [ 'express-generator',
48 silly addNameRange   [ '1.0.0',
48 silly addNameRange     '3.0.0',
48 silly addNameRange     '4.0.0',
48 silly addNameRange     '4.2.0',
48 silly addNameRange     '4.8.0',
48 silly addNameRange     '4.9.0',
48 silly addNameRange     '4.10.0',
48 silly addNameRange     '4.11.0',
48 silly addNameRange     '4.11.1',
48 silly addNameRange     '4.11.2',
48 silly addNameRange     '4.12.0',
48 silly addNameRange     '4.12.1',
48 silly addNameRange     '4.12.4',
48 silly addNameRange     '4.13.0',
48 silly addNameRange     '4.13.1' ] ]
49 silly addNamed express-generator@4.13.1
50 verbose addNamed "4.13.1" is a plain semver version for express-generator
51 silly mapToRegistry name express-generator
52 silly mapToRegistry using default registry
53 silly mapToRegistry registry https://registry.npmjs.org/
54 silly mapToRegistry uri https://registry.npmjs.org/express-generator
55 verbose addRemoteTarball https://registry.npmjs.org/express-generator/-/express-generator-4.13.1.tgz not in flight; adding
56 verbose addRemoteTarball [ 'https://registry.npmjs.org/express-generator/-/express-generator-4.13.1.tgz',
56 verbose addRemoteTarball   '58351b31f0c7da770c2872bf2a50b9e9359f9968' ]
57 info retry fetch attempt 1 at 3:27:09 PM
58 info attempt registry request try #1 at 3:27:09 PM
59 http fetch GET https://registry.npmjs.org/express-generator/-/express-generator-4.13.1.tgz
60 http fetch 200 https://registry.npmjs.org/express-generator/-/express-generator-4.13.1.tgz
61 silly fetchAndShaCheck shasum 58351b31f0c7da770c2872bf2a50b9e9359f9968
62 verbose addTmpTarball /var/folders/7g/p71z58qd4x70gxmrh65nyzjh0000gn/T/npm-33660-f2d22c4b/registry.npmjs.org/express-generator/-/express-generator-4.13.1.tgz not in flight; adding
63 verbose addTmpTarball already have metadata; skipping unpack for express-generator@4.13.1
64 silly cache afterAdd express-generator@4.13.1
65 verbose afterAdd /Users/netxor/.npm/express-generator/4.13.1/package/package.json not in flight; writing
66 verbose afterAdd /Users/netxor/.npm/express-generator/4.13.1/package/package.json written
67 silly fetchNamedPackageData commander
68 silly mapToRegistry name commander
69 silly mapToRegistry using default registry
70 silly mapToRegistry registry https://registry.npmjs.org/
71 silly mapToRegistry uri https://registry.npmjs.org/commander
72 silly fetchNamedPackageData mkdirp
73 silly mapToRegistry name mkdirp
74 silly mapToRegistry using default registry
75 silly mapToRegistry registry https://registry.npmjs.org/
76 silly mapToRegistry uri https://registry.npmjs.org/mkdirp
77 silly fetchNamedPackageData sorted-object
78 silly mapToRegistry name sorted-object
79 silly mapToRegistry using default registry
80 silly mapToRegistry registry https://registry.npmjs.org/
81 silly mapToRegistry uri https://registry.npmjs.org/sorted-object
82 verbose request uri https://registry.npmjs.org/commander
83 verbose request no auth needed
84 info attempt registry request try #1 at 3:27:10 PM
85 http request GET https://registry.npmjs.org/commander
86 verbose request uri https://registry.npmjs.org/sorted-object
87 verbose request no auth needed
88 info attempt registry request try #1 at 3:27:10 PM
89 http request GET https://registry.npmjs.org/sorted-object
90 verbose request uri https://registry.npmjs.org/mkdirp
91 verbose request no auth needed
92 info attempt registry request try #1 at 3:27:10 PM
93 verbose etag "9MR10I6GL3I0A3Q1WXX7KD1VJ"
94 http request GET https://registry.npmjs.org/mkdirp
95 http 200 https://registry.npmjs.org/commander
96 verbose headers { server: 'CouchDB/1.5.0 (Erlang OTP/R16B03)',
96 verbose headers   etag: '"DC17HB3R8ZOFJT77E8WH8XGHU"',
96 verbose headers   'content-type': 'application/json',
96 verbose headers   'cache-control': 'max-age=300',
96 verbose headers   'content-length': '61266',
96 verbose headers   'accept-ranges': 'bytes',
96 verbose headers   date: 'Fri, 19 Feb 2016 09:27:11 GMT',
96 verbose headers   via: '1.1 varnish',
96 verbose headers   age: '74',
96 verbose headers   connection: 'keep-alive',
96 verbose headers   'x-served-by': 'cache-fra1224-FRA',
96 verbose headers   'x-cache': 'HIT',
96 verbose headers   'x-cache-hits': '15',
96 verbose headers   'x-timer': 'S1455874031.636584,VS0,VE0',
96 verbose headers   vary: 'Accept' }
97 silly get cb [ 200,
97 silly get   { server: 'CouchDB/1.5.0 (Erlang OTP/R16B03)',
97 silly get     etag: '"DC17HB3R8ZOFJT77E8WH8XGHU"',
97 silly get     'content-type': 'application/json',
97 silly get     'cache-control': 'max-age=300',
97 silly get     'content-length': '61266',
97 silly get     'accept-ranges': 'bytes',
97 silly get     date: 'Fri, 19 Feb 2016 09:27:11 GMT',
97 silly get     via: '1.1 varnish',
97 silly get     age: '74',
97 silly get     connection: 'keep-alive',
97 silly get     'x-served-by': 'cache-fra1224-FRA',
97 silly get     'x-cache': 'HIT',
97 silly get     'x-cache-hits': '15',
97 silly get     'x-timer': 'S1455874031.636584,VS0,VE0',
97 silly get     vary: 'Accept' } ]
98 verbose get saving commander to /Users/netxor/.npm/registry.npmjs.org/commander/.cache.json
99 silly resolveWithNewModule commander@2.7.1 checking installable status
100 silly cache add args [ 'commander@2.7.1', null ]
101 verbose cache add spec commander@2.7.1
102 silly cache add parsed spec Result {
102 silly cache add   raw: 'commander@2.7.1',
102 silly cache add   scope: null,
102 silly cache add   name: 'commander',
102 silly cache add   rawSpec: '2.7.1',
102 silly cache add   spec: '2.7.1',
102 silly cache add   type: 'version' }
103 silly addNamed commander@2.7.1
104 verbose addNamed "2.7.1" is a plain semver version for commander
105 silly mapToRegistry name commander
106 silly mapToRegistry using default registry
107 silly mapToRegistry registry https://registry.npmjs.org/
108 silly mapToRegistry uri https://registry.npmjs.org/commander
109 verbose addNameVersion registry:https://registry.npmjs.org/commander not in flight; fetching
110 verbose get https://registry.npmjs.org/commander not expired, no request
111 silly mapToRegistry name commander
112 silly mapToRegistry using default registry
113 silly mapToRegistry registry https://registry.npmjs.org/
114 silly mapToRegistry uri https://registry.npmjs.org/commander
115 verbose addRemoteTarball https://registry.npmjs.org/commander/-/commander-2.7.1.tgz not in flight; adding
116 verbose addRemoteTarball [ 'https://registry.npmjs.org/commander/-/commander-2.7.1.tgz',
116 verbose addRemoteTarball   '5d419a2bbed2c32ee3e4dca9bb45ab83ecc3065a' ]
117 info retry fetch attempt 1 at 3:27:12 PM
118 info attempt registry request try #1 at 3:27:12 PM
119 http fetch GET https://registry.npmjs.org/commander/-/commander-2.7.1.tgz
120 http 200 https://registry.npmjs.org/mkdirp
121 verbose headers { server: 'CouchDB/1.5.0 (Erlang OTP/R16B03)',
121 verbose headers   etag: '"40FZCZU4FD6XJOEXUCCMI1M58"',
121 verbose headers   'content-type': 'application/json',
121 verbose headers   'cache-control': 'max-age=300',
121 verbose headers   'content-length': '23668',
121 verbose headers   'accept-ranges': 'bytes',
121 verbose headers   date: 'Fri, 19 Feb 2016 09:27:13 GMT',
121 verbose headers   via: '1.1 varnish',
121 verbose headers   age: '226',
121 verbose headers   connection: 'keep-alive',
121 verbose headers   'x-served-by': 'cache-fra1242-FRA',
121 verbose headers   'x-cache': 'HIT',
121 verbose headers   'x-cache-hits': '37',
121 verbose headers   'x-timer': 'S1455874033.361309,VS0,VE0',
121 verbose headers   vary: 'Accept' }
122 silly get cb [ 200,
122 silly get   { server: 'CouchDB/1.5.0 (Erlang OTP/R16B03)',
122 silly get     etag: '"40FZCZU4FD6XJOEXUCCMI1M58"',
122 silly get     'content-type': 'application/json',
122 silly get     'cache-control': 'max-age=300',
122 silly get     'content-length': '23668',
122 silly get     'accept-ranges': 'bytes',
122 silly get     date: 'Fri, 19 Feb 2016 09:27:13 GMT',
122 silly get     via: '1.1 varnish',
122 silly get     age: '226',
122 silly get     connection: 'keep-alive',
122 silly get     'x-served-by': 'cache-fra1242-FRA',
122 silly get     'x-cache': 'HIT',
122 silly get     'x-cache-hits': '37',
122 silly get     'x-timer': 'S1455874033.361309,VS0,VE0',
122 silly get     vary: 'Accept' } ]
123 verbose get saving mkdirp to /Users/netxor/.npm/registry.npmjs.org/mkdirp/.cache.json
124 silly resolveWithNewModule mkdirp@0.5.1 checking installable status
125 silly cache add args [ 'mkdirp@0.5.1', null ]
126 verbose cache add spec mkdirp@0.5.1
127 silly cache add parsed spec Result {
127 silly cache add   raw: 'mkdirp@0.5.1',
127 silly cache add   scope: null,
127 silly cache add   name: 'mkdirp',
127 silly cache add   rawSpec: '0.5.1',
127 silly cache add   spec: '0.5.1',
127 silly cache add   type: 'version' }
128 silly addNamed mkdirp@0.5.1
129 verbose addNamed "0.5.1" is a plain semver version for mkdirp
130 silly mapToRegistry name mkdirp
131 silly mapToRegistry using default registry
132 silly mapToRegistry registry https://registry.npmjs.org/
133 silly mapToRegistry uri https://registry.npmjs.org/mkdirp
134 verbose addNameVersion registry:https://registry.npmjs.org/mkdirp not in flight; fetching
135 verbose get https://registry.npmjs.org/mkdirp not expired, no request
136 silly cache afterAdd mkdirp@0.5.1
137 verbose afterAdd /Users/netxor/.npm/mkdirp/0.5.1/package/package.json not in flight; writing
138 verbose afterAdd /Users/netxor/.npm/mkdirp/0.5.1/package/package.json written
139 http fetch 200 https://registry.npmjs.org/commander/-/commander-2.7.1.tgz
140 silly fetchAndShaCheck shasum 5d419a2bbed2c32ee3e4dca9bb45ab83ecc3065a
141 verbose addTmpTarball /var/folders/7g/p71z58qd4x70gxmrh65nyzjh0000gn/T/npm-33660-f2d22c4b/registry.npmjs.org/commander/-/commander-2.7.1.tgz not in flight; adding
142 verbose addTmpTarball already have metadata; skipping unpack for commander@2.7.1
143 silly cache afterAdd commander@2.7.1
144 verbose afterAdd /Users/netxor/.npm/commander/2.7.1/package/package.json not in flight; writing
145 verbose afterAdd /Users/netxor/.npm/commander/2.7.1/package/package.json written
146 http 200 https://registry.npmjs.org/sorted-object
147 verbose headers { server: 'CouchDB/1.5.0 (Erlang OTP/R16B03)',
147 verbose headers   etag: '"916LJ205YNQ3JWJEL3GJFWR3Z"',
147 verbose headers   'content-type': 'application/json',
147 verbose headers   'cache-control': 'max-age=300',
147 verbose headers   'content-length': '2484',
147 verbose headers   'accept-ranges': 'bytes',
147 verbose headers   date: 'Fri, 19 Feb 2016 09:27:14 GMT',
147 verbose headers   via: '1.1 varnish',
147 verbose headers   age: '280',
147 verbose headers   connection: 'keep-alive',
147 verbose headers   'x-served-by': 'cache-fra1234-FRA',
147 verbose headers   'x-cache': 'HIT',
147 verbose headers   'x-cache-hits': '1',
147 verbose headers   'x-timer': 'S1455874034.853713,VS0,VE0',
147 verbose headers   vary: 'Accept' }
148 silly get cb [ 200,
148 silly get   { server: 'CouchDB/1.5.0 (Erlang OTP/R16B03)',
148 silly get     etag: '"916LJ205YNQ3JWJEL3GJFWR3Z"',
148 silly get     'content-type': 'application/json',
148 silly get     'cache-control': 'max-age=300',
148 silly get     'content-length': '2484',
148 silly get     'accept-ranges': 'bytes',
148 silly get     date: 'Fri, 19 Feb 2016 09:27:14 GMT',
148 silly get     via: '1.1 varnish',
148 silly get     age: '280',
148 silly get     connection: 'keep-alive',
148 silly get     'x-served-by': 'cache-fra1234-FRA',
148 silly get     'x-cache': 'HIT',
148 silly get     'x-cache-hits': '1',
148 silly get     'x-timer': 'S1455874034.853713,VS0,VE0',
148 silly get     vary: 'Accept' } ]
149 verbose get saving sorted-object to /Users/netxor/.npm/registry.npmjs.org/sorted-object/.cache.json
150 silly resolveWithNewModule sorted-object@1.0.0 checking installable status
151 silly cache add args [ 'sorted-object@1.0.0', null ]
152 verbose cache add spec sorted-object@1.0.0
153 silly cache add parsed spec Result {
153 silly cache add   raw: 'sorted-object@1.0.0',
153 silly cache add   scope: null,
153 silly cache add   name: 'sorted-object',
153 silly cache add   rawSpec: '1.0.0',
153 silly cache add   spec: '1.0.0',
153 silly cache add   type: 'version' }
154 silly addNamed sorted-object@1.0.0
155 verbose addNamed "1.0.0" is a plain semver version for sorted-object
156 silly mapToRegistry name sorted-object
157 silly mapToRegistry using default registry
158 silly mapToRegistry registry https://registry.npmjs.org/
159 silly mapToRegistry uri https://registry.npmjs.org/sorted-object
160 verbose addNameVersion registry:https://registry.npmjs.org/sorted-object not in flight; fetching
161 verbose get https://registry.npmjs.org/sorted-object not expired, no request
162 silly mapToRegistry name sorted-object
163 silly mapToRegistry using default registry
164 silly mapToRegistry registry https://registry.npmjs.org/
165 silly mapToRegistry uri https://registry.npmjs.org/sorted-object
166 verbose addRemoteTarball https://registry.npmjs.org/sorted-object/-/sorted-object-1.0.0.tgz not in flight; adding
167 verbose addRemoteTarball [ 'https://registry.npmjs.org/sorted-object/-/sorted-object-1.0.0.tgz',
167 verbose addRemoteTarball   '5d1f4f9c1fb2cd48965967304e212eb44cfb6d05' ]
168 info retry fetch attempt 1 at 3:27:15 PM
169 info attempt registry request try #1 at 3:27:15 PM
170 http fetch GET https://registry.npmjs.org/sorted-object/-/sorted-object-1.0.0.tgz
171 http fetch 200 https://registry.npmjs.org/sorted-object/-/sorted-object-1.0.0.tgz
172 silly fetchAndShaCheck shasum 5d1f4f9c1fb2cd48965967304e212eb44cfb6d05
173 verbose addTmpTarball /var/folders/7g/p71z58qd4x70gxmrh65nyzjh0000gn/T/npm-33660-f2d22c4b/registry.npmjs.org/sorted-object/-/sorted-object-1.0.0.tgz not in flight; adding
174 verbose addTmpTarball already have metadata; skipping unpack for sorted-object@1.0.0
175 silly cache afterAdd sorted-object@1.0.0
176 verbose afterAdd /Users/netxor/.npm/sorted-object/1.0.0/package/package.json not in flight; writing
177 verbose afterAdd /Users/netxor/.npm/sorted-object/1.0.0/package/package.json written
178 silly fetchNamedPackageData graceful-readlink
179 silly mapToRegistry name graceful-readlink
180 silly mapToRegistry using default registry
181 silly mapToRegistry registry https://registry.npmjs.org/
182 silly mapToRegistry uri https://registry.npmjs.org/graceful-readlink
183 verbose request uri https://registry.npmjs.org/graceful-readlink
184 verbose request no auth needed
185 info attempt registry request try #1 at 3:27:15 PM
186 http request GET https://registry.npmjs.org/graceful-readlink
187 http 200 https://registry.npmjs.org/graceful-readlink
188 verbose headers { server: 'CouchDB/1.5.0 (Erlang OTP/R16B03)',
188 verbose headers   etag: '"4Y89F8JDJP0YPHGBB0IMVMPJA"',
188 verbose headers   'content-type': 'application/json',
188 verbose headers   'cache-control': 'max-age=300',
188 verbose headers   'content-length': '3065',
188 verbose headers   'accept-ranges': 'bytes',
188 verbose headers   date: 'Fri, 19 Feb 2016 09:27:16 GMT',
188 verbose headers   via: '1.1 varnish',
188 verbose headers   age: '105',
188 verbose headers   connection: 'keep-alive',
188 verbose headers   'x-served-by': 'cache-fra1221-FRA',
188 verbose headers   'x-cache': 'HIT',
188 verbose headers   'x-cache-hits': '7',
188 verbose headers   'x-timer': 'S1455874036.580721,VS0,VE0',
188 verbose headers   vary: 'Accept' }
189 silly get cb [ 200,
189 silly get   { server: 'CouchDB/1.5.0 (Erlang OTP/R16B03)',
189 silly get     etag: '"4Y89F8JDJP0YPHGBB0IMVMPJA"',
189 silly get     'content-type': 'application/json',
189 silly get     'cache-control': 'max-age=300',
189 silly get     'content-length': '3065',
189 silly get     'accept-ranges': 'bytes',
189 silly get     date: 'Fri, 19 Feb 2016 09:27:16 GMT',
189 silly get     via: '1.1 varnish',
189 silly get     age: '105',
189 silly get     connection: 'keep-alive',
189 silly get     'x-served-by': 'cache-fra1221-FRA',
189 silly get     'x-cache': 'HIT',
189 silly get     'x-cache-hits': '7',
189 silly get     'x-timer': 'S1455874036.580721,VS0,VE0',
189 silly get     vary: 'Accept' } ]
190 verbose get saving graceful-readlink to /Users/netxor/.npm/registry.npmjs.org/graceful-readlink/.cache.json
191 silly resolveWithNewModule graceful-readlink@1.0.1 checking installable status
192 silly cache add args [ 'graceful-readlink@>= 1.0.0', null ]
193 verbose cache add spec graceful-readlink@>= 1.0.0
194 silly cache add parsed spec Result {
194 silly cache add   raw: 'graceful-readlink@>= 1.0.0',
194 silly cache add   scope: null,
194 silly cache add   name: 'graceful-readlink',
194 silly cache add   rawSpec: '>= 1.0.0',
194 silly cache add   spec: '>=1.0.0',
194 silly cache add   type: 'range' }
195 silly addNamed graceful-readlink@>=1.0.0
196 verbose addNamed ">=1.0.0" is a valid semver range for graceful-readlink
197 silly addNameRange { name: 'graceful-readlink', range: '>=1.0.0', hasData: false }
198 silly mapToRegistry name graceful-readlink
199 silly mapToRegistry using default registry
200 silly mapToRegistry registry https://registry.npmjs.org/
201 silly mapToRegistry uri https://registry.npmjs.org/graceful-readlink
202 verbose addNameRange registry:https://registry.npmjs.org/graceful-readlink not in flight; fetching
203 verbose get https://registry.npmjs.org/graceful-readlink not expired, no request
204 silly addNameRange number 2 { name: 'graceful-readlink', range: '>=1.0.0', hasData: true }
205 silly addNameRange versions [ 'graceful-readlink', [ '1.0.0', '1.0.1' ] ]
206 silly addNamed graceful-readlink@1.0.1
207 verbose addNamed "1.0.1" is a plain semver version for graceful-readlink
208 silly mapToRegistry name graceful-readlink
209 silly mapToRegistry using default registry
210 silly mapToRegistry registry https://registry.npmjs.org/
211 silly mapToRegistry uri https://registry.npmjs.org/graceful-readlink
212 verbose addRemoteTarball https://registry.npmjs.org/graceful-readlink/-/graceful-readlink-1.0.1.tgz not in flight; adding
213 verbose addRemoteTarball [ 'https://registry.npmjs.org/graceful-readlink/-/graceful-readlink-1.0.1.tgz',
213 verbose addRemoteTarball   '4cafad76bc62f02fa039b2f94e9a3dd3a391a725' ]
214 info retry fetch attempt 1 at 3:27:16 PM
215 info attempt registry request try #1 at 3:27:16 PM
216 http fetch GET https://registry.npmjs.org/graceful-readlink/-/graceful-readlink-1.0.1.tgz
217 http fetch 200 https://registry.npmjs.org/graceful-readlink/-/graceful-readlink-1.0.1.tgz
218 silly fetchAndShaCheck shasum 4cafad76bc62f02fa039b2f94e9a3dd3a391a725
219 verbose addTmpTarball /var/folders/7g/p71z58qd4x70gxmrh65nyzjh0000gn/T/npm-33660-f2d22c4b/registry.npmjs.org/graceful-readlink/-/graceful-readlink-1.0.1.tgz not in flight; adding
220 verbose addTmpTarball already have metadata; skipping unpack for graceful-readlink@1.0.1
221 silly cache afterAdd graceful-readlink@1.0.1
222 verbose afterAdd /Users/netxor/.npm/graceful-readlink/1.0.1/package/package.json not in flight; writing
223 verbose afterAdd /Users/netxor/.npm/graceful-readlink/1.0.1/package/package.json written
224 silly fetchNamedPackageData minimist
225 silly mapToRegistry name minimist
226 silly mapToRegistry using default registry
227 silly mapToRegistry registry https://registry.npmjs.org/
228 silly mapToRegistry uri https://registry.npmjs.org/minimist
229 verbose request uri https://registry.npmjs.org/minimist
230 verbose request no auth needed
231 info attempt registry request try #1 at 3:27:20 PM
232 verbose etag "6AM01IXP9UO3MT3SSZQ06HWAZ"
233 http request GET https://registry.npmjs.org/minimist
234 http 200 https://registry.npmjs.org/minimist
235 verbose headers { server: 'CouchDB/1.5.0 (Erlang OTP/R16B03)',
235 verbose headers   etag: '"CIHRDHQT5CRZV3GD7VJ6V2CEW"',
235 verbose headers   'content-type': 'application/json',
235 verbose headers   'cache-control': 'max-age=300',
235 verbose headers   'content-length': '27651',
235 verbose headers   'accept-ranges': 'bytes',
235 verbose headers   date: 'Fri, 19 Feb 2016 09:27:20 GMT',
235 verbose headers   via: '1.1 varnish',
235 verbose headers   age: '296',
235 verbose headers   connection: 'keep-alive',
235 verbose headers   'x-served-by': 'cache-fra1226-FRA',
235 verbose headers   'x-cache': 'HIT',
235 verbose headers   'x-cache-hits': '55',
235 verbose headers   'x-timer': 'S1455874040.868260,VS0,VE0',
235 verbose headers   vary: 'Accept' }
236 silly get cb [ 200,
236 silly get   { server: 'CouchDB/1.5.0 (Erlang OTP/R16B03)',
236 silly get     etag: '"CIHRDHQT5CRZV3GD7VJ6V2CEW"',
236 silly get     'content-type': 'application/json',
236 silly get     'cache-control': 'max-age=300',
236 silly get     'content-length': '27651',
236 silly get     'accept-ranges': 'bytes',
236 silly get     date: 'Fri, 19 Feb 2016 09:27:20 GMT',
236 silly get     via: '1.1 varnish',
236 silly get     age: '296',
236 silly get     connection: 'keep-alive',
236 silly get     'x-served-by': 'cache-fra1226-FRA',
236 silly get     'x-cache': 'HIT',
236 silly get     'x-cache-hits': '55',
236 silly get     'x-timer': 'S1455874040.868260,VS0,VE0',
236 silly get     vary: 'Accept' } ]
237 verbose get saving minimist to /Users/netxor/.npm/registry.npmjs.org/minimist/.cache.json
238 silly resolveWithNewModule minimist@0.0.8 checking installable status
239 silly cache add args [ 'minimist@0.0.8', null ]
240 verbose cache add spec minimist@0.0.8
241 silly cache add parsed spec Result {
241 silly cache add   raw: 'minimist@0.0.8',
241 silly cache add   scope: null,
241 silly cache add   name: 'minimist',
241 silly cache add   rawSpec: '0.0.8',
241 silly cache add   spec: '0.0.8',
241 silly cache add   type: 'version' }
242 silly addNamed minimist@0.0.8
243 verbose addNamed "0.0.8" is a plain semver version for minimist
244 silly mapToRegistry name minimist
245 silly mapToRegistry using default registry
246 silly mapToRegistry registry https://registry.npmjs.org/
247 silly mapToRegistry uri https://registry.npmjs.org/minimist
248 verbose addNameVersion registry:https://registry.npmjs.org/minimist not in flight; fetching
249 verbose get https://registry.npmjs.org/minimist not expired, no request
250 silly cache afterAdd minimist@0.0.8
251 verbose afterAdd /Users/netxor/.npm/minimist/0.0.8/package/package.json not in flight; writing
252 verbose afterAdd /Users/netxor/.npm/minimist/0.0.8/package/package.json written
253 silly loadAllDepsIntoIdealTree Finishing
254 silly idealTree:prePrune lib
254 silly idealTree:prePrune └─┬ express-generator@4.13.1
254 silly idealTree:prePrune   ├── commander@2.7.1
254 silly idealTree:prePrune   ├── graceful-readlink@1.0.1
254 silly idealTree:prePrune   ├── minimist@0.0.8
254 silly idealTree:prePrune   ├── mkdirp@0.5.1
254 silly idealTree:prePrune   └── sorted-object@1.0.0
255 silly loadIdealTree Finishing
256 silly currentTree lib
257 silly idealTree lib
257 silly idealTree └─┬ express-generator@4.13.1
257 silly idealTree   ├── commander@2.7.1
257 silly idealTree   ├── graceful-readlink@1.0.1
257 silly idealTree   ├── minimist@0.0.8
257 silly idealTree   ├── mkdirp@0.5.1
257 silly idealTree   └── sorted-object@1.0.0
258 silly generateActionsToTake Starting
259 silly install generateActionsToTake
260 warn checkPermissions Missing write access to /usr/local/lib/node_modules
261 silly rollbackFailedOptional Starting
262 silly rollbackFailedOptional Finishing
263 silly runTopLevelLifecycles Starting
264 silly runTopLevelLifecycles Finishing
265 silly install printInstalled
266 verbose stack Error: EACCES: permission denied, access '/usr/local/lib/node_modules'
266 verbose stack     at Error (native)
267 verbose cwd /Users/netxor/Documents/src/myapp
268 error Darwin 15.2.0
269 error argv "/usr/local/bin/node" "/usr/local/bin/npm" "install" "express-generator" "-g"
270 error node v5.5.0
271 error npm  v3.3.12
272 error path /usr/local/lib/node_modules
273 error code EACCES
274 error errno -13
275 error syscall access
276 error Error: EACCES: permission denied, access '/usr/local/lib/node_modules'
276 error     at Error (native)
276 error  { [Error: EACCES: permission denied, access '/usr/local/lib/node_modules']
276 error   errno: -13,
276 error   code: 'EACCES',
276 error   syscall: 'access',
276 error   path: '/usr/local/lib/node_modules' }
277 error Please try running this command again as root/Administrator.
278 verbose exit [ -13, true ]
